<?xml version="1.0" encoding="UTF-8"?>
<!-- Generated by org.testng.reporters.JUnitXMLReporter -->
<testsuite hostname="na2devasgqbw01" ignored="0" name="Verification Webfocus CE version on UI" tests="5" failures="0" timestamp="2023-07-26T07:25:42 PDT" time="32.919" errors="0">
  <testcase name="validate_LoginPage" time="5.955" classname="webfocus_UI_TestCases.ManagementCenterTest"/>
  <testcase name="validate_WFCE_Version" time="13.237" classname="webfocus_UI_TestCases.ManagementCenterTest"/>
  <testcase name="switchToParentFrame" time="0.007" classname="webfocus_UI_TestCases.ManagementCenterTest"/>
  <testcase name="ResetView" time="7.28" classname="webfocus_UI_TestCases.ManagementCenterTest"/>
  <testcase name="SignOut" time="3.174" classname="webfocus_UI_TestCases.ManagementCenterTest"/>
</testsuite> <!-- Verification Webfocus CE version on UI -->
