<?xml version="1.0" encoding="UTF-8"?>
<!-- Generated by org.testng.reporters.JUnitXMLReporter -->
<testsuite hostname="na2devasgqbw01" ignored="0" name="Verification of Login Page" tests="5" failures="0" timestamp="2023-07-26T07:25:09 PDT" time="21.996" errors="0">
  <testcase name="validate_LoginPage" time="0.017" classname="webfocus_UI_TestCases.LoginPageTest"/>
  <testcase name="login" time="5.89" classname="webfocus_UI_TestCases.LoginPageTest"/>
  <testcase name="switchToParentFrame" time="0.008" classname="webfocus_UI_TestCases.LoginPageTest"/>
  <testcase name="ResetView" time="7.289" classname="webfocus_UI_TestCases.LoginPageTest"/>
  <testcase name="SignOut" time="3.295" classname="webfocus_UI_TestCases.LoginPageTest"/>
</testsuite> <!-- Verification of Login Page -->
