<?xml version="1.0" encoding="UTF-8"?>
<!-- Generated by org.testng.reporters.JUnitXMLReporter -->
<testsuite hostname="na2devasgqbw01" ignored="0" name="Verification of Create, Edit and Delete Visualization" tests="5" failures="0" timestamp="2023-07-26T07:29:15 PDT" time="212.706" errors="0">
  <testcase name="validate_LoginPage" time="5.73" classname="webfocus_UI_TestCases.VisualizationTest"/>
  <testcase name="Create_Visualization" time="93.235" classname="webfocus_UI_TestCases.VisualizationTest"/>
  <testcase name="Edit_Visulization" time="49.767" classname="webfocus_UI_TestCases.VisualizationTest"/>
  <testcase name="Delete_Visulization" time="57.459" classname="webfocus_UI_TestCases.VisualizationTest"/>
  <testcase name="SignOut" time="3.176" classname="webfocus_UI_TestCases.VisualizationTest"/>
</testsuite> <!-- Verification of Create, Edit and Delete Visualization -->
