<?xml version="1.0" encoding="UTF-8"?>
<!-- Generated by org.testng.reporters.JUnitXMLReporter -->
<testsuite hostname="na2devasgqbw01" ignored="0" name="Default test" tests="5" failures="0" timestamp="2023-07-26T06:23:43 PDT" time="23.12" errors="0">
  <testcase name="validate_LoginPage" time="0.015" classname="webfocus_UI_TestCases.LoginPageTest"/>
  <testcase name="login" time="5.891" classname="webfocus_UI_TestCases.LoginPageTest"/>
  <testcase name="switchToParentFrame" time="0.0" classname="webfocus_UI_TestCases.LoginPageTest"/>
  <testcase name="ResetView" time="7.3" classname="webfocus_UI_TestCases.LoginPageTest"/>
  <testcase name="SignOut" time="3.171" classname="webfocus_UI_TestCases.LoginPageTest"/>
</testsuite> <!-- Default test -->
