<?xml version="1.0" encoding="UTF-8"?>
<testsuite xmlns:xsi="http://www.w3.org/2001/XMLSchema-instance" xsi:noNamespaceSchemaLocation="https://maven.apache.org/surefire/maven-surefire-plugin/xsd/surefire-test-report.xsd" name="TestSuite" time="268.709" tests="15" errors="0" skipped="0" failures="0">
  <properties>
[...]
</properties>
  <testcase name="validate_LoginPage" classname="webfocus_UI_TestCases.LoginPageTest" time="0.018"/>
  <testcase name="login" classname="webfocus_UI_TestCases.LoginPageTest" time="5.884"/>
  <testcase name="switchToParentFrame" classname="webfocus_UI_TestCases.LoginPageTest" time="0.007"/>
  <testcase name="ResetView" classname="webfocus_UI_TestCases.LoginPageTest" time="7.289"/>
  <testcase name="SignOut" classname="webfocus_UI_TestCases.LoginPageTest" time="3.296"/>
  <testcase name="validate_LoginPage" classname="webfocus_UI_TestCases.ManagementCenterTest" time="5.958"/>
  <testcase name="validate_WFCE_Version" classname="webfocus_UI_TestCases.ManagementCenterTest" time="13.235"/>
  <testcase name="switchToParentFrame" classname="webfocus_UI_TestCases.ManagementCenterTest" time="0.007"/>
  <testcase name="ResetView" classname="webfocus_UI_TestCases.ManagementCenterTest" time="7.279"/>
  <testcase name="SignOut" classname="webfocus_UI_TestCases.ManagementCenterTest" time="3.174"/>
  <testcase name="validate_LoginPage" classname="webfocus_UI_TestCases.VisualizationTest" time="5.73"/>
  <testcase name="Create_Visualization" classname="webfocus_UI_TestCases.VisualizationTest" time="93.236"/>
  <testcase name="Edit_Visulization" classname="webfocus_UI_TestCases.VisualizationTest" time="49.767"/>
  <testcase name="Delete_Visulization" classname="webfocus_UI_TestCases.VisualizationTest" time="57.463"/>
  <testcase name="SignOut" classname="webfocus_UI_TestCases.VisualizationTest" time="3.174"/>
</testsuite>