<?xml version="1.0" encoding="UTF-8"?>
<!-- Generated by org.testng.reporters.JUnitXMLReporter -->
<testsuite hostname="na2devasgqbw01" ignored="0" name="Verification of Create, Edit and Delete Visualization" tests="5" failures="0" timestamp="2023-09-06T02:53:02 PDT" time="205.614" errors="0">
  <testcase name="validate_LoginPage" time="5.891" classname="webfocus_UI_TestCases.VisualizationTest"/>
  <testcase name="Create_Visualization" time="87.701" classname="webfocus_UI_TestCases.VisualizationTest"/>
  <testcase name="Edit_Visulization" time="47.5" classname="webfocus_UI_TestCases.VisualizationTest"/>
  <testcase name="Delete_Visulization" time="57.809" classname="webfocus_UI_TestCases.VisualizationTest"/>
  <testcase name="SignOut" time="3.037" classname="webfocus_UI_TestCases.VisualizationTest"/>
</testsuite> <!-- Verification of Create, Edit and Delete Visualization -->
